2019-05-07T18:59:08.883+0000 I CONTROL  [main] Automatically disabling TLS 1.0, to force-enable TLS 1.0 specify --sslDisabledProtocols 'none'
2019-05-07T18:59:08.968+0000 I CONTROL  [initandlisten] MongoDB starting : pid=8 port=27017 dbpath=/data/db 64-bit host=75272dfb401f
2019-05-07T18:59:08.969+0000 I CONTROL  [initandlisten] db version v4.0.9
2019-05-07T18:59:08.972+0000 I CONTROL  [initandlisten] git version: fc525e2d9b0e4bceff5c2201457e564362909765
2019-05-07T18:59:08.972+0000 I CONTROL  [initandlisten] OpenSSL version: OpenSSL 1.0.2g  1 Mar 2016
2019-05-07T18:59:08.973+0000 I CONTROL  [initandlisten] allocator: tcmalloc
2019-05-07T18:59:08.973+0000 I CONTROL  [initandlisten] modules: enterprise 
2019-05-07T18:59:08.974+0000 I CONTROL  [initandlisten] build environment:
2019-05-07T18:59:08.974+0000 I CONTROL  [initandlisten]     distmod: ubuntu1604
2019-05-07T18:59:08.975+0000 I CONTROL  [initandlisten]     distarch: x86_64
2019-05-07T18:59:08.975+0000 I CONTROL  [initandlisten]     target_arch: x86_64
2019-05-07T18:59:08.976+0000 I CONTROL  [initandlisten] options: {}
2019-05-07T18:59:08.983+0000 W STORAGE  [initandlisten] Detected unclean shutdown - /data/db/mongod.lock is not empty.
2019-05-07T18:59:08.993+0000 I STORAGE  [initandlisten] Detected data files in /data/db created by the 'wiredTiger' storage engine, so setting the active storage engine to 'wiredTiger'.
2019-05-07T18:59:09.005+0000 W STORAGE  [initandlisten] Recovering data from the last clean checkpoint.
2019-05-07T18:59:09.007+0000 I STORAGE  [initandlisten] wiredtiger_open config: create,cache_size=1461M,session_max=20000,eviction=(threads_min=4,threads_max=4),config_base=false,statistics=(fast),log=(enabled=true,archive=true,path=journal,compressor=snappy),file_manager=(close_idle_time=100000),statistics_log=(wait=0),verbose=(recovery_progress),
2019-05-07T18:59:33.476+0000 I STORAGE  [initandlisten] WiredTiger message [1557255573:476576][8:0x7f962bce6a80], txn-recover: Main recovery loop: starting at 1/0 to 2/256
2019-05-07T18:59:33.653+0000 I STORAGE  [initandlisten] WiredTiger message [1557255573:653062][8:0x7f962bce6a80], txn-recover: Recovering log 1 through 2
2019-05-07T18:59:35.224+0000 I STORAGE  [initandlisten] WiredTiger message [1557255575:224321][8:0x7f962bce6a80], file:index-3-3783076103365617257.wt, txn-recover: Recovering log 2 through 2
2019-05-07T18:59:35.333+0000 I STORAGE  [initandlisten] WiredTiger message [1557255575:333226][8:0x7f962bce6a80], file:index-3-3783076103365617257.wt, txn-recover: Set global recovery timestamp: 0
2019-05-07T18:59:35.425+0000 I RECOVERY [initandlisten] WiredTiger recoveryTimestamp. Ts: Timestamp(0, 0)
2019-05-07T18:59:35.493+0000 I CONTROL  [initandlisten] 
2019-05-07T18:59:35.494+0000 I CONTROL  [initandlisten] ** WARNING: Access control is not enabled for the database.
2019-05-07T18:59:35.495+0000 I CONTROL  [initandlisten] **          Read and write access to data and configuration is unrestricted.
2019-05-07T18:59:35.495+0000 I CONTROL  [initandlisten] ** WARNING: You are running this process as the root user, which is not recommended.
2019-05-07T18:59:35.496+0000 I CONTROL  [initandlisten] 
2019-05-07T18:59:35.496+0000 I CONTROL  [initandlisten] ** WARNING: This server is bound to localhost.
2019-05-07T18:59:35.497+0000 I CONTROL  [initandlisten] **          Remote systems will be unable to connect to this server. 
2019-05-07T18:59:35.498+0000 I CONTROL  [initandlisten] **          Start the server with --bind_ip <address> to specify which IP 
2019-05-07T18:59:35.499+0000 I CONTROL  [initandlisten] **          addresses it should serve responses from, or with --bind_ip_all to
2019-05-07T18:59:35.500+0000 I CONTROL  [initandlisten] **          bind to all interfaces. If this behavior is desired, start the
2019-05-07T18:59:35.501+0000 I CONTROL  [initandlisten] **          server with --bind_ip 127.0.0.1 to disable this warning.
2019-05-07T18:59:35.501+0000 I CONTROL  [initandlisten] 
2019-05-07T18:59:35.585+0000 I FTDC     [initandlisten] Initializing full-time diagnostic data capture with directory '/data/db/diagnostic.data'
2019-05-07T18:59:35.587+0000 I NETWORK  [initandlisten] waiting for connections on port 27017
2019-05-07T18:59:36.052+0000 I FTDC     [ftdc] Unclean full-time diagnostic data capture shutdown detected, found interim file, some metrics may have been lost. OK
